<?xml version="1.0" encoding="UTF-8"?>
<testsuite xmlns:xsi="http://www.w3.org/2001/XMLSchema-instance" xsi:noNamespaceSchemaLocation="https://maven.apache.org/surefire/maven-surefire-plugin/xsd/surefire-test-report.xsd" name="com.facilvirtual.fvstoresdesk.service.ProductServiceTest" time="1.277" tests="3" errors="0" skipped="0" failures="0">
  <properties>
    <property name="java.specification.version" value="21"/>
    <property name="sun.jnu.encoding" value="UTF-8"/>
    <property name="java.class.path" value="/app/fvstores-core/target/test-classes:/app/fvstores-core/target/classes:/home/swebot/.m2/repository/org/springframework/boot/spring-boot-starter-data-jpa/2.7.18/spring-boot-starter-data-jpa-2.7.18.jar:/home/swebot/.m2/repository/org/springframework/boot/spring-boot-starter-aop/2.7.18/spring-boot-starter-aop-2.7.18.jar:/home/swebot/.m2/repository/org/springframework/spring-aop/5.3.31/spring-aop-5.3.31.jar:/home/swebot/.m2/repository/org/aspectj/aspectjweaver/1.9.7/aspectjweaver-1.9.7.jar:/home/swebot/.m2/repository/org/springframework/boot/spring-boot-starter-jdbc/2.7.18/spring-boot-starter-jdbc-2.7.18.jar:/home/swebot/.m2/repository/com/zaxxer/HikariCP/4.0.3/HikariCP-4.0.3.jar:/home/swebot/.m2/repository/org/springframework/spring-jdbc/5.3.31/spring-jdbc-5.3.31.jar:/home/swebot/.m2/repository/jakarta/transaction/jakarta.transaction-api/1.3.3/jakarta.transaction-api-1.3.3.jar:/home/swebot/.m2/repository/jakarta/persistence/jakarta.persistence-api/2.2.3/jakarta.persistence-api-2.2.3.jar:/home/swebot/.m2/repository/org/hibernate/hibernate-core/5.6.15.Final/hibernate-core-5.6.15.Final.jar:/home/swebot/.m2/repository/org/jboss/logging/jboss-logging/3.4.3.Final/jboss-logging-3.4.3.Final.jar:/home/swebot/.m2/repository/net/bytebuddy/byte-buddy/1.12.23/byte-buddy-1.12.23.jar:/home/swebot/.m2/repository/antlr/antlr/2.7.7/antlr-2.7.7.jar:/home/swebot/.m2/repository/org/jboss/jandex/2.4.2.Final/jandex-2.4.2.Final.jar:/home/swebot/.m2/repository/com/fasterxml/classmate/1.5.1/classmate-1.5.1.jar:/home/swebot/.m2/repository/org/hibernate/common/hibernate-commons-annotations/5.1.2.Final/hibernate-commons-annotations-5.1.2.Final.jar:/home/swebot/.m2/repository/org/glassfish/jaxb/jaxb-runtime/2.3.9/jaxb-runtime-2.3.9.jar:/home/swebot/.m2/repository/org/glassfish/jaxb/txw2/2.3.9/txw2-2.3.9.jar:/home/swebot/.m2/repository/com/sun/istack/istack-commons-runtime/3.0.12/istack-commons-runtime-3.0.12.jar:/home/swebot/.m2/repository/com/sun/activation/jakarta.activation/1.2.2/jakarta.activation-1.2.2.jar:/home/swebot/.m2/repository/org/springframework/data/spring-data-jpa/2.7.18/spring-data-jpa-2.7.18.jar:/home/swebot/.m2/repository/org/springframework/data/spring-data-commons/2.7.18/spring-data-commons-2.7.18.jar:/home/swebot/.m2/repository/org/springframework/spring-orm/5.3.31/spring-orm-5.3.31.jar:/home/swebot/.m2/repository/org/springframework/spring-context/5.3.31/spring-context-5.3.31.jar:/home/swebot/.m2/repository/org/springframework/spring-expression/5.3.31/spring-expression-5.3.31.jar:/home/swebot/.m2/repository/org/springframework/spring-tx/5.3.31/spring-tx-5.3.31.jar:/home/swebot/.m2/repository/org/springframework/spring-beans/5.3.31/spring-beans-5.3.31.jar:/home/swebot/.m2/repository/org/springframework/spring-aspects/5.3.31/spring-aspects-5.3.31.jar:/home/swebot/.m2/repository/com/mchange/c3p0/0.9.5.5/c3p0-0.9.5.5.jar:/home/swebot/.m2/repository/com/mchange/mchange-commons-java/0.2.19/mchange-commons-java-0.2.19.jar:/home/swebot/.m2/repository/org/postgresql/postgresql/42.6.0/postgresql-42.6.0.jar:/home/swebot/.m2/repository/org/checkerframework/checker-qual/3.31.0/checker-qual-3.31.0.jar:/home/swebot/.m2/repository/org/hsqldb/hsqldb/2.7.2/hsqldb-2.7.2.jar:/home/swebot/.m2/repository/org/apache/poi/poi/5.2.3/poi-5.2.3.jar:/home/swebot/.m2/repository/commons-codec/commons-codec/1.15/commons-codec-1.15.jar:/home/swebot/.m2/repository/org/apache/commons/commons-collections4/4.4/commons-collections4-4.4.jar:/home/swebot/.m2/repository/org/apache/commons/commons-math3/3.6.1/commons-math3-3.6.1.jar:/home/swebot/.m2/repository/commons-io/commons-io/2.11.0/commons-io-2.11.0.jar:/home/swebot/.m2/repository/com/zaxxer/SparseBitSet/1.2/SparseBitSet-1.2.jar:/home/swebot/.m2/repository/org/apache/logging/log4j/log4j-api/2.17.2/log4j-api-2.17.2.jar:/home/swebot/.m2/repository/org/apache/poi/poi-ooxml/5.2.3/poi-ooxml-5.2.3.jar:/home/swebot/.m2/repository/org/apache/poi/poi-ooxml-lite/5.2.3/poi-ooxml-lite-5.2.3.jar:/home/swebot/.m2/repository/org/apache/xmlbeans/xmlbeans/5.1.1/xmlbeans-5.1.1.jar:/home/swebot/.m2/repository/org/apache/commons/commons-compress/1.21/commons-compress-1.21.jar:/home/swebot/.m2/repository/com/github/virtuald/curvesapi/1.07/curvesapi-1.07.jar:/home/swebot/.m2/repository/com/itextpdf/itextpdf/5.5.6/itextpdf-5.5.6.jar:/home/swebot/.m2/repository/javax/xml/soap/javax.xml.soap-api/1.4.0/javax.xml.soap-api-1.4.0.jar:/home/swebot/.m2/repository/javax/xml/rpc/javax.xml.rpc-api/1.1.1/javax.xml.rpc-api-1.1.1.jar:/home/swebot/.m2/repository/org/apache/axis/axis/1.4/axis-1.4.jar:/home/swebot/.m2/repository/commons-discovery/commons-discovery/0.5/commons-discovery-0.5.jar:/home/swebot/.m2/repository/commons-logging/commons-logging/1.1.1/commons-logging-1.1.1.jar:/home/swebot/.m2/repository/wsdl4j/wsdl4j/1.6.3/wsdl4j-1.6.3.jar:/home/swebot/.m2/repository/org/bouncycastle/bcmail-jdk16/1.46/bcmail-jdk16-1.46.jar:/home/swebot/.m2/repository/org/bouncycastle/bcprov-jdk16/1.46/bcprov-jdk16-1.46.jar:/home/swebot/.m2/repository/org/dom4j/dom4j/2.1.4/dom4j-2.1.4.jar:/home/swebot/.m2/repository/org/json/json/20230618/json-20230618.jar:/home/swebot/.m2/repository/com/fasterxml/jackson/core/jackson-annotations/2.13.5/jackson-annotations-2.13.5.jar:/home/swebot/.m2/repository/org/apache/commons/commons-lang3/3.12.0/commons-lang3-3.12.0.jar:/home/swebot/.m2/repository/commons-collections/commons-collections/3.2.2/commons-collections-3.2.2.jar:/home/swebot/.m2/repository/org/slf4j/slf4j-api/2.0.9/slf4j-api-2.0.9.jar:/home/swebot/.m2/repository/ch/qos/logback/logback-classic/1.4.14/logback-classic-1.4.14.jar:/home/swebot/.m2/repository/ch/qos/logback/logback-core/1.4.14/logback-core-1.4.14.jar:/home/swebot/.m2/repository/log4j/log4j/1.2.17/log4j-1.2.17.jar:/home/swebot/.m2/repository/org/springframework/boot/spring-boot-starter-test/2.7.18/spring-boot-starter-test-2.7.18.jar:/home/swebot/.m2/repository/org/springframework/boot/spring-boot-starter/2.7.18/spring-boot-starter-2.7.18.jar:/home/swebot/.m2/repository/org/springframework/boot/spring-boot/2.7.18/spring-boot-2.7.18.jar:/home/swebot/.m2/repository/org/springframework/boot/spring-boot-autoconfigure/2.7.18/spring-boot-autoconfigure-2.7.18.jar:/home/swebot/.m2/repository/org/springframework/boot/spring-boot-starter-logging/2.7.18/spring-boot-starter-logging-2.7.18.jar:/home/swebot/.m2/repository/org/apache/logging/log4j/log4j-to-slf4j/2.17.2/log4j-to-slf4j-2.17.2.jar:/home/swebot/.m2/repository/org/slf4j/jul-to-slf4j/1.7.36/jul-to-slf4j-1.7.36.jar:/home/swebot/.m2/repository/jakarta/annotation/jakarta.annotation-api/1.3.5/jakarta.annotation-api-1.3.5.jar:/home/swebot/.m2/repository/org/yaml/snakeyaml/1.30/snakeyaml-1.30.jar:/home/swebot/.m2/repository/org/springframework/boot/spring-boot-test/2.7.18/spring-boot-test-2.7.18.jar:/home/swebot/.m2/repository/org/springframework/boot/spring-boot-test-autoconfigure/2.7.18/spring-boot-test-autoconfigure-2.7.18.jar:/home/swebot/.m2/repository/com/jayway/jsonpath/json-path/2.7.0/json-path-2.7.0.jar:/home/swebot/.m2/repository/net/minidev/json-smart/2.4.11/json-smart-2.4.11.jar:/home/swebot/.m2/repository/net/minidev/accessors-smart/2.4.11/accessors-smart-2.4.11.jar:/home/swebot/.m2/repository/org/ow2/asm/asm/9.3/asm-9.3.jar:/home/swebot/.m2/repository/jakarta/xml/bind/jakarta.xml.bind-api/2.3.3/jakarta.xml.bind-api-2.3.3.jar:/home/swebot/.m2/repository/jakarta/activation/jakarta.activation-api/1.2.2/jakarta.activation-api-1.2.2.jar:/home/swebot/.m2/repository/org/assertj/assertj-core/3.22.0/assertj-core-3.22.0.jar:/home/swebot/.m2/repository/org/hamcrest/hamcrest/2.2/hamcrest-2.2.jar:/home/swebot/.m2/repository/org/junit/jupiter/junit-jupiter/5.8.2/junit-jupiter-5.8.2.jar:/home/swebot/.m2/repository/org/junit/jupiter/junit-jupiter-params/5.8.2/junit-jupiter-params-5.8.2.jar:/home/swebot/.m2/repository/org/mockito/mockito-core/4.5.1/mockito-core-4.5.1.jar:/home/swebot/.m2/repository/net/bytebuddy/byte-buddy-agent/1.12.23/byte-buddy-agent-1.12.23.jar:/home/swebot/.m2/repository/org/objenesis/objenesis/3.2/objenesis-3.2.jar:/home/swebot/.m2/repository/org/skyscreamer/jsonassert/1.5.1/jsonassert-1.5.1.jar:/home/swebot/.m2/repository/com/vaadin/external/google/android-json/0.0.20131108.vaadin1/android-json-0.0.20131108.vaadin1.jar:/home/swebot/.m2/repository/org/springframework/spring-core/5.3.31/spring-core-5.3.31.jar:/home/swebot/.m2/repository/org/springframework/spring-jcl/5.3.31/spring-jcl-5.3.31.jar:/home/swebot/.m2/repository/org/springframework/spring-test/5.3.31/spring-test-5.3.31.jar:/home/swebot/.m2/repository/org/xmlunit/xmlunit-core/2.9.1/xmlunit-core-2.9.1.jar:/home/swebot/.m2/repository/org/mockito/mockito-junit-jupiter/4.5.1/mockito-junit-jupiter-4.5.1.jar:/home/swebot/.m2/repository/org/junit/jupiter/junit-jupiter-api/5.8.2/junit-jupiter-api-5.8.2.jar:/home/swebot/.m2/repository/org/opentest4j/opentest4j/1.2.0/opentest4j-1.2.0.jar:/home/swebot/.m2/repository/org/junit/platform/junit-platform-commons/1.8.2/junit-platform-commons-1.8.2.jar:/home/swebot/.m2/repository/org/junit/jupiter/junit-jupiter-engine/5.8.2/junit-jupiter-engine-5.8.2.jar:/home/swebot/.m2/repository/org/junit/platform/junit-platform-engine/1.8.2/junit-platform-engine-1.8.2.jar:/home/swebot/.m2/repository/org/apiguardian/apiguardian-api/1.1.2/apiguardian-api-1.1.2.jar:"/>
    <property name="java.vm.vendor" value="Ubuntu"/>
    <property name="sun.arch.data.model" value="64"/>
    <property name="java.vendor.url" value="https://ubuntu.com/"/>
    <property name="os.name" value="Linux"/>
    <property name="java.vm.specification.version" value="21"/>
    <property name="sun.java.launcher" value="SUN_STANDARD"/>
    <property name="sun.boot.library.path" value="/usr/lib/jvm/java-21-openjdk-amd64/lib"/>
    <property name="sun.java.command" value="/app/fvstores-core/target/surefire/surefirebooter8636934845363264807.jar /app/fvstores-core/target/surefire 2025-06-07T03-14-57_976-jvmRun1 surefire9629847696522406969tmp surefire_02591815273202063334tmp"/>
    <property name="jdk.debug" value="release"/>
    <property name="surefire.test.class.path" value="/app/fvstores-core/target/test-classes:/app/fvstores-core/target/classes:/home/swebot/.m2/repository/org/springframework/boot/spring-boot-starter-data-jpa/2.7.18/spring-boot-starter-data-jpa-2.7.18.jar:/home/swebot/.m2/repository/org/springframework/boot/spring-boot-starter-aop/2.7.18/spring-boot-starter-aop-2.7.18.jar:/home/swebot/.m2/repository/org/springframework/spring-aop/5.3.31/spring-aop-5.3.31.jar:/home/swebot/.m2/repository/org/aspectj/aspectjweaver/1.9.7/aspectjweaver-1.9.7.jar:/home/swebot/.m2/repository/org/springframework/boot/spring-boot-starter-jdbc/2.7.18/spring-boot-starter-jdbc-2.7.18.jar:/home/swebot/.m2/repository/com/zaxxer/HikariCP/4.0.3/HikariCP-4.0.3.jar:/home/swebot/.m2/repository/org/springframework/spring-jdbc/5.3.31/spring-jdbc-5.3.31.jar:/home/swebot/.m2/repository/jakarta/transaction/jakarta.transaction-api/1.3.3/jakarta.transaction-api-1.3.3.jar:/home/swebot/.m2/repository/jakarta/persistence/jakarta.persistence-api/2.2.3/jakarta.persistence-api-2.2.3.jar:/home/swebot/.m2/repository/org/hibernate/hibernate-core/5.6.15.Final/hibernate-core-5.6.15.Final.jar:/home/swebot/.m2/repository/org/jboss/logging/jboss-logging/3.4.3.Final/jboss-logging-3.4.3.Final.jar:/home/swebot/.m2/repository/net/bytebuddy/byte-buddy/1.12.23/byte-buddy-1.12.23.jar:/home/swebot/.m2/repository/antlr/antlr/2.7.7/antlr-2.7.7.jar:/home/swebot/.m2/repository/org/jboss/jandex/2.4.2.Final/jandex-2.4.2.Final.jar:/home/swebot/.m2/repository/com/fasterxml/classmate/1.5.1/classmate-1.5.1.jar:/home/swebot/.m2/repository/org/hibernate/common/hibernate-commons-annotations/5.1.2.Final/hibernate-commons-annotations-5.1.2.Final.jar:/home/swebot/.m2/repository/org/glassfish/jaxb/jaxb-runtime/2.3.9/jaxb-runtime-2.3.9.jar:/home/swebot/.m2/repository/org/glassfish/jaxb/txw2/2.3.9/txw2-2.3.9.jar:/home/swebot/.m2/repository/com/sun/istack/istack-commons-runtime/3.0.12/istack-commons-runtime-3.0.12.jar:/home/swebot/.m2/repository/com/sun/activation/jakarta.activation/1.2.2/jakarta.activation-1.2.2.jar:/home/swebot/.m2/repository/org/springframework/data/spring-data-jpa/2.7.18/spring-data-jpa-2.7.18.jar:/home/swebot/.m2/repository/org/springframework/data/spring-data-commons/2.7.18/spring-data-commons-2.7.18.jar:/home/swebot/.m2/repository/org/springframework/spring-orm/5.3.31/spring-orm-5.3.31.jar:/home/swebot/.m2/repository/org/springframework/spring-context/5.3.31/spring-context-5.3.31.jar:/home/swebot/.m2/repository/org/springframework/spring-expression/5.3.31/spring-expression-5.3.31.jar:/home/swebot/.m2/repository/org/springframework/spring-tx/5.3.31/spring-tx-5.3.31.jar:/home/swebot/.m2/repository/org/springframework/spring-beans/5.3.31/spring-beans-5.3.31.jar:/home/swebot/.m2/repository/org/springframework/spring-aspects/5.3.31/spring-aspects-5.3.31.jar:/home/swebot/.m2/repository/com/mchange/c3p0/0.9.5.5/c3p0-0.9.5.5.jar:/home/swebot/.m2/repository/com/mchange/mchange-commons-java/0.2.19/mchange-commons-java-0.2.19.jar:/home/swebot/.m2/repository/org/postgresql/postgresql/42.6.0/postgresql-42.6.0.jar:/home/swebot/.m2/repository/org/checkerframework/checker-qual/3.31.0/checker-qual-3.31.0.jar:/home/swebot/.m2/repository/org/hsqldb/hsqldb/2.7.2/hsqldb-2.7.2.jar:/home/swebot/.m2/repository/org/apache/poi/poi/5.2.3/poi-5.2.3.jar:/home/swebot/.m2/repository/commons-codec/commons-codec/1.15/commons-codec-1.15.jar:/home/swebot/.m2/repository/org/apache/commons/commons-collections4/4.4/commons-collections4-4.4.jar:/home/swebot/.m2/repository/org/apache/commons/commons-math3/3.6.1/commons-math3-3.6.1.jar:/home/swebot/.m2/repository/commons-io/commons-io/2.11.0/commons-io-2.11.0.jar:/home/swebot/.m2/repository/com/zaxxer/SparseBitSet/1.2/SparseBitSet-1.2.jar:/home/swebot/.m2/repository/org/apache/logging/log4j/log4j-api/2.17.2/log4j-api-2.17.2.jar:/home/swebot/.m2/repository/org/apache/poi/poi-ooxml/5.2.3/poi-ooxml-5.2.3.jar:/home/swebot/.m2/repository/org/apache/poi/poi-ooxml-lite/5.2.3/poi-ooxml-lite-5.2.3.jar:/home/swebot/.m2/repository/org/apache/xmlbeans/xmlbeans/5.1.1/xmlbeans-5.1.1.jar:/home/swebot/.m2/repository/org/apache/commons/commons-compress/1.21/commons-compress-1.21.jar:/home/swebot/.m2/repository/com/github/virtuald/curvesapi/1.07/curvesapi-1.07.jar:/home/swebot/.m2/repository/com/itextpdf/itextpdf/5.5.6/itextpdf-5.5.6.jar:/home/swebot/.m2/repository/javax/xml/soap/javax.xml.soap-api/1.4.0/javax.xml.soap-api-1.4.0.jar:/home/swebot/.m2/repository/javax/xml/rpc/javax.xml.rpc-api/1.1.1/javax.xml.rpc-api-1.1.1.jar:/home/swebot/.m2/repository/org/apache/axis/axis/1.4/axis-1.4.jar:/home/swebot/.m2/repository/commons-discovery/commons-discovery/0.5/commons-discovery-0.5.jar:/home/swebot/.m2/repository/commons-logging/commons-logging/1.1.1/commons-logging-1.1.1.jar:/home/swebot/.m2/repository/wsdl4j/wsdl4j/1.6.3/wsdl4j-1.6.3.jar:/home/swebot/.m2/repository/org/bouncycastle/bcmail-jdk16/1.46/bcmail-jdk16-1.46.jar:/home/swebot/.m2/repository/org/bouncycastle/bcprov-jdk16/1.46/bcprov-jdk16-1.46.jar:/home/swebot/.m2/repository/org/dom4j/dom4j/2.1.4/dom4j-2.1.4.jar:/home/swebot/.m2/repository/org/json/json/20230618/json-20230618.jar:/home/swebot/.m2/repository/com/fasterxml/jackson/core/jackson-annotations/2.13.5/jackson-annotations-2.13.5.jar:/home/swebot/.m2/repository/org/apache/commons/commons-lang3/3.12.0/commons-lang3-3.12.0.jar:/home/swebot/.m2/repository/commons-collections/commons-collections/3.2.2/commons-collections-3.2.2.jar:/home/swebot/.m2/repository/org/slf4j/slf4j-api/2.0.9/slf4j-api-2.0.9.jar:/home/swebot/.m2/repository/ch/qos/logback/logback-classic/1.4.14/logback-classic-1.4.14.jar:/home/swebot/.m2/repository/ch/qos/logback/logback-core/1.4.14/logback-core-1.4.14.jar:/home/swebot/.m2/repository/log4j/log4j/1.2.17/log4j-1.2.17.jar:/home/swebot/.m2/repository/org/springframework/boot/spring-boot-starter-test/2.7.18/spring-boot-starter-test-2.7.18.jar:/home/swebot/.m2/repository/org/springframework/boot/spring-boot-starter/2.7.18/spring-boot-starter-2.7.18.jar:/home/swebot/.m2/repository/org/springframework/boot/spring-boot/2.7.18/spring-boot-2.7.18.jar:/home/swebot/.m2/repository/org/springframework/boot/spring-boot-autoconfigure/2.7.18/spring-boot-autoconfigure-2.7.18.jar:/home/swebot/.m2/repository/org/springframework/boot/spring-boot-starter-logging/2.7.18/spring-boot-starter-logging-2.7.18.jar:/home/swebot/.m2/repository/org/apache/logging/log4j/log4j-to-slf4j/2.17.2/log4j-to-slf4j-2.17.2.jar:/home/swebot/.m2/repository/org/slf4j/jul-to-slf4j/1.7.36/jul-to-slf4j-1.7.36.jar:/home/swebot/.m2/repository/jakarta/annotation/jakarta.annotation-api/1.3.5/jakarta.annotation-api-1.3.5.jar:/home/swebot/.m2/repository/org/yaml/snakeyaml/1.30/snakeyaml-1.30.jar:/home/swebot/.m2/repository/org/springframework/boot/spring-boot-test/2.7.18/spring-boot-test-2.7.18.jar:/home/swebot/.m2/repository/org/springframework/boot/spring-boot-test-autoconfigure/2.7.18/spring-boot-test-autoconfigure-2.7.18.jar:/home/swebot/.m2/repository/com/jayway/jsonpath/json-path/2.7.0/json-path-2.7.0.jar:/home/swebot/.m2/repository/net/minidev/json-smart/2.4.11/json-smart-2.4.11.jar:/home/swebot/.m2/repository/net/minidev/accessors-smart/2.4.11/accessors-smart-2.4.11.jar:/home/swebot/.m2/repository/org/ow2/asm/asm/9.3/asm-9.3.jar:/home/swebot/.m2/repository/jakarta/xml/bind/jakarta.xml.bind-api/2.3.3/jakarta.xml.bind-api-2.3.3.jar:/home/swebot/.m2/repository/jakarta/activation/jakarta.activation-api/1.2.2/jakarta.activation-api-1.2.2.jar:/home/swebot/.m2/repository/org/assertj/assertj-core/3.22.0/assertj-core-3.22.0.jar:/home/swebot/.m2/repository/org/hamcrest/hamcrest/2.2/hamcrest-2.2.jar:/home/swebot/.m2/repository/org/junit/jupiter/junit-jupiter/5.8.2/junit-jupiter-5.8.2.jar:/home/swebot/.m2/repository/org/junit/jupiter/junit-jupiter-params/5.8.2/junit-jupiter-params-5.8.2.jar:/home/swebot/.m2/repository/org/mockito/mockito-core/4.5.1/mockito-core-4.5.1.jar:/home/swebot/.m2/repository/net/bytebuddy/byte-buddy-agent/1.12.23/byte-buddy-agent-1.12.23.jar:/home/swebot/.m2/repository/org/objenesis/objenesis/3.2/objenesis-3.2.jar:/home/swebot/.m2/repository/org/skyscreamer/jsonassert/1.5.1/jsonassert-1.5.1.jar:/home/swebot/.m2/repository/com/vaadin/external/google/android-json/0.0.20131108.vaadin1/android-json-0.0.20131108.vaadin1.jar:/home/swebot/.m2/repository/org/springframework/spring-core/5.3.31/spring-core-5.3.31.jar:/home/swebot/.m2/repository/org/springframework/spring-jcl/5.3.31/spring-jcl-5.3.31.jar:/home/swebot/.m2/repository/org/springframework/spring-test/5.3.31/spring-test-5.3.31.jar:/home/swebot/.m2/repository/org/xmlunit/xmlunit-core/2.9.1/xmlunit-core-2.9.1.jar:/home/swebot/.m2/repository/org/mockito/mockito-junit-jupiter/4.5.1/mockito-junit-jupiter-4.5.1.jar:/home/swebot/.m2/repository/org/junit/jupiter/junit-jupiter-api/5.8.2/junit-jupiter-api-5.8.2.jar:/home/swebot/.m2/repository/org/opentest4j/opentest4j/1.2.0/opentest4j-1.2.0.jar:/home/swebot/.m2/repository/org/junit/platform/junit-platform-commons/1.8.2/junit-platform-commons-1.8.2.jar:/home/swebot/.m2/repository/org/junit/jupiter/junit-jupiter-engine/5.8.2/junit-jupiter-engine-5.8.2.jar:/home/swebot/.m2/repository/org/junit/platform/junit-platform-engine/1.8.2/junit-platform-engine-1.8.2.jar:/home/swebot/.m2/repository/org/apiguardian/apiguardian-api/1.1.2/apiguardian-api-1.1.2.jar:"/>
    <property name="sun.cpu.endian" value="little"/>
    <property name="user.home" value="/home/swebot"/>
    <property name="user.language" value="en"/>
    <property name="java.specification.vendor" value="Oracle Corporation"/>
    <property name="java.version.date" value="2025-04-15"/>
    <property name="java.home" value="/usr/lib/jvm/java-21-openjdk-amd64"/>
    <property name="file.separator" value="/"/>
    <property name="basedir" value="/app/fvstores-core"/>
    <property name="java.vm.compressedOopsMode" value="32-bit"/>
    <property name="line.separator" value="&#10;"/>
    <property name="java.vm.specification.vendor" value="Oracle Corporation"/>
    <property name="java.specification.name" value="Java Platform API Specification"/>
    <property name="surefire.real.class.path" value="/app/fvstores-core/target/surefire/surefirebooter8636934845363264807.jar"/>
    <property name="sun.management.compiler" value="HotSpot 64-Bit Tiered Compilers"/>
    <property name="java.runtime.version" value="21.0.7+6-Ubuntu-0ubuntu124.04"/>
    <property name="user.name" value="jules"/>
    <property name="stdout.encoding" value="UTF-8"/>
    <property name="path.separator" value=":"/>
    <property name="os.version" value="6.8.0"/>
    <property name="java.runtime.name" value="OpenJDK Runtime Environment"/>
    <property name="file.encoding" value="UTF-8"/>
    <property name="java.vm.name" value="OpenJDK 64-Bit Server VM"/>
    <property name="skipTests" value="false"/>
    <property name="localRepository" value="/home/swebot/.m2/repository"/>
    <property name="java.vendor.url.bug" value="https://bugs.launchpad.net/ubuntu/+source/openjdk-21"/>
    <property name="java.io.tmpdir" value="/tmp"/>
    <property name="java.version" value="21.0.7"/>
    <property name="user.dir" value="/app/fvstores-core"/>
    <property name="os.arch" value="amd64"/>
    <property name="java.vm.specification.name" value="Java Virtual Machine Specification"/>
    <property name="native.encoding" value="UTF-8"/>
    <property name="java.library.path" value="/usr/java/packages/lib:/usr/lib/x86_64-linux-gnu/jni:/lib/x86_64-linux-gnu:/usr/lib/x86_64-linux-gnu:/usr/lib/jni:/lib:/usr/lib"/>
    <property name="stderr.encoding" value="UTF-8"/>
    <property name="java.vm.info" value="mixed mode, sharing"/>
    <property name="java.vendor" value="Ubuntu"/>
    <property name="java.vm.version" value="21.0.7+6-Ubuntu-0ubuntu124.04"/>
    <property name="sun.io.unicode.encoding" value="UnicodeLittle"/>
    <property name="java.class.version" value="65.0"/>
  </properties>
  <testcase name="testFindById_Found" classname="com.facilvirtual.fvstoresdesk.service.ProductServiceTest" time="1.243"/>
  <testcase name="testGetAllProducts" classname="com.facilvirtual.fvstoresdesk.service.ProductServiceTest" time="0.004"/>
  <testcase name="testFindById_NotFound" classname="com.facilvirtual.fvstoresdesk.service.ProductServiceTest" time="0.005"/>
</testsuite>